<?xml version="1.0" encoding="UTF-8"?>
<testsuite xmlns:xsi="http://www.w3.org/2001/XMLSchema-instance" xsi:noNamespaceSchemaLocation="https://maven.apache.org/surefire/maven-surefire-plugin/xsd/surefire-test-report.xsd" name="ru.yandex.scooter.api.CourierTest" time="68.141" tests="8" errors="0" skipped="0" failures="2">
  <properties>
    <property name="sun.desktop" value="windows"/>
    <property name="awt.toolkit" value="sun.awt.windows.WToolkit"/>
    <property name="java.specification.version" value="11"/>
    <property name="sun.cpu.isalist" value="amd64"/>
    <property name="sun.jnu.encoding" value="Cp1251"/>
    <property name="java.class.path" value="C:\Program Files\Git\Sprint_3\target\test-classes;C:\Program Files\Git\Sprint_3\target\classes;C:\Users\XXX\.m2\repository\io\rest-assured\rest-assured\5.1.1\rest-assured-5.1.1.jar;C:\Users\XXX\.m2\repository\org\apache\groovy\groovy\4.0.1\groovy-4.0.1.jar;C:\Users\XXX\.m2\repository\org\apache\groovy\groovy-xml\4.0.1\groovy-xml-4.0.1.jar;C:\Users\XXX\.m2\repository\org\apache\httpcomponents\httpclient\4.5.13\httpclient-4.5.13.jar;C:\Users\XXX\.m2\repository\org\apache\httpcomponents\httpcore\4.4.13\httpcore-4.4.13.jar;C:\Users\XXX\.m2\repository\commons-logging\commons-logging\1.2\commons-logging-1.2.jar;C:\Users\XXX\.m2\repository\commons-codec\commons-codec\1.11\commons-codec-1.11.jar;C:\Users\XXX\.m2\repository\org\apache\httpcomponents\httpmime\4.5.13\httpmime-4.5.13.jar;C:\Users\XXX\.m2\repository\org\hamcrest\hamcrest\2.1\hamcrest-2.1.jar;C:\Users\XXX\.m2\repository\org\ccil\cowan\tagsoup\tagsoup\1.2.1\tagsoup-1.2.1.jar;C:\Users\XXX\.m2\repository\io\rest-assured\json-path\5.1.1\json-path-5.1.1.jar;C:\Users\XXX\.m2\repository\org\apache\groovy\groovy-json\4.0.1\groovy-json-4.0.1.jar;C:\Users\XXX\.m2\repository\io\rest-assured\rest-assured-common\5.1.1\rest-assured-common-5.1.1.jar;C:\Users\XXX\.m2\repository\io\rest-assured\xml-path\5.1.1\xml-path-5.1.1.jar;C:\Users\XXX\.m2\repository\org\apache\commons\commons-lang3\3.11\commons-lang3-3.11.jar;C:\Users\XXX\.m2\repository\com\google\code\gson\gson\2.9.0\gson-2.9.0.jar;C:\Users\XXX\.m2\repository\io\qameta\allure\allure-junit4\2.18.1\allure-junit4-2.18.1.jar;C:\Users\XXX\.m2\repository\io\qameta\allure\allure-java-commons\2.18.1\allure-java-commons-2.18.1.jar;C:\Users\XXX\.m2\repository\org\slf4j\slf4j-api\1.7.30\slf4j-api-1.7.30.jar;C:\Users\XXX\.m2\repository\io\qameta\allure\allure-model\2.18.1\allure-model-2.18.1.jar;C:\Users\XXX\.m2\repository\io\qameta\allure\allure-rest-assured\2.18.1\allure-rest-assured-2.18.1.jar;C:\Users\XXX\.m2\repository\io\qameta\allure\allure-attachments\2.18.1\allure-attachments-2.18.1.jar;C:\Users\XXX\.m2\repository\org\freemarker\freemarker\2.3.31\freemarker-2.3.31.jar;C:\Users\XXX\.m2\repository\org\projectlombok\lombok\1.18.24\lombok-1.18.24.jar;C:\Users\XXX\.m2\repository\junit\junit\4.13.2\junit-4.13.2.jar;C:\Users\XXX\.m2\repository\org\hamcrest\hamcrest-core\1.3\hamcrest-core-1.3.jar;"/>
    <property name="java.vm.vendor" value="Amazon.com Inc."/>
    <property name="sun.arch.data.model" value="64"/>
    <property name="user.variant" value=""/>
    <property name="java.vendor.url" value="https://aws.amazon.com/corretto/"/>
    <property name="user.timezone" value="Europe/Moscow"/>
    <property name="java.vm.specification.version" value="11"/>
    <property name="os.name" value="Windows 10"/>
    <property name="sun.java.launcher" value="SUN_STANDARD"/>
    <property name="user.country" value="RU"/>
    <property name="sun.boot.library.path" value="C:\Program Files\Amazon Corretto\jdk11.0.14_10\bin"/>
    <property name="sun.java.command" value="C:\Users\XXX\AppData\Local\Temp\surefire9576594897418446242\surefirebooter8396401553560308243.jar C:\Users\XXX\AppData\Local\Temp\surefire9576594897418446242 2022-07-26T21-58-34_963-jvmRun1 surefire3799264224352200441tmp surefire_04542403434655158529tmp"/>
    <property name="jdk.debug" value="release"/>
    <property name="surefire.test.class.path" value="C:\Program Files\Git\Sprint_3\target\test-classes;C:\Program Files\Git\Sprint_3\target\classes;C:\Users\XXX\.m2\repository\io\rest-assured\rest-assured\5.1.1\rest-assured-5.1.1.jar;C:\Users\XXX\.m2\repository\org\apache\groovy\groovy\4.0.1\groovy-4.0.1.jar;C:\Users\XXX\.m2\repository\org\apache\groovy\groovy-xml\4.0.1\groovy-xml-4.0.1.jar;C:\Users\XXX\.m2\repository\org\apache\httpcomponents\httpclient\4.5.13\httpclient-4.5.13.jar;C:\Users\XXX\.m2\repository\org\apache\httpcomponents\httpcore\4.4.13\httpcore-4.4.13.jar;C:\Users\XXX\.m2\repository\commons-logging\commons-logging\1.2\commons-logging-1.2.jar;C:\Users\XXX\.m2\repository\commons-codec\commons-codec\1.11\commons-codec-1.11.jar;C:\Users\XXX\.m2\repository\org\apache\httpcomponents\httpmime\4.5.13\httpmime-4.5.13.jar;C:\Users\XXX\.m2\repository\org\hamcrest\hamcrest\2.1\hamcrest-2.1.jar;C:\Users\XXX\.m2\repository\org\ccil\cowan\tagsoup\tagsoup\1.2.1\tagsoup-1.2.1.jar;C:\Users\XXX\.m2\repository\io\rest-assured\json-path\5.1.1\json-path-5.1.1.jar;C:\Users\XXX\.m2\repository\org\apache\groovy\groovy-json\4.0.1\groovy-json-4.0.1.jar;C:\Users\XXX\.m2\repository\io\rest-assured\rest-assured-common\5.1.1\rest-assured-common-5.1.1.jar;C:\Users\XXX\.m2\repository\io\rest-assured\xml-path\5.1.1\xml-path-5.1.1.jar;C:\Users\XXX\.m2\repository\org\apache\commons\commons-lang3\3.11\commons-lang3-3.11.jar;C:\Users\XXX\.m2\repository\com\google\code\gson\gson\2.9.0\gson-2.9.0.jar;C:\Users\XXX\.m2\repository\io\qameta\allure\allure-junit4\2.18.1\allure-junit4-2.18.1.jar;C:\Users\XXX\.m2\repository\io\qameta\allure\allure-java-commons\2.18.1\allure-java-commons-2.18.1.jar;C:\Users\XXX\.m2\repository\org\slf4j\slf4j-api\1.7.30\slf4j-api-1.7.30.jar;C:\Users\XXX\.m2\repository\io\qameta\allure\allure-model\2.18.1\allure-model-2.18.1.jar;C:\Users\XXX\.m2\repository\io\qameta\allure\allure-rest-assured\2.18.1\allure-rest-assured-2.18.1.jar;C:\Users\XXX\.m2\repository\io\qameta\allure\allure-attachments\2.18.1\allure-attachments-2.18.1.jar;C:\Users\XXX\.m2\repository\org\freemarker\freemarker\2.3.31\freemarker-2.3.31.jar;C:\Users\XXX\.m2\repository\org\projectlombok\lombok\1.18.24\lombok-1.18.24.jar;C:\Users\XXX\.m2\repository\junit\junit\4.13.2\junit-4.13.2.jar;C:\Users\XXX\.m2\repository\org\hamcrest\hamcrest-core\1.3\hamcrest-core-1.3.jar;"/>
    <property name="sun.cpu.endian" value="little"/>
    <property name="allure.results.directory" value="C:\Program Files\Git\Sprint_3\target/allure-results"/>
    <property name="user.home" value="C:\Users\XXX"/>
    <property name="user.language" value="ru"/>
    <property name="java.specification.vendor" value="Oracle Corporation"/>
    <property name="java.version.date" value="2022-02-08"/>
    <property name="java.home" value="C:\Program Files\Amazon Corretto\jdk11.0.14_10"/>
    <property name="file.separator" value="\"/>
    <property name="basedir" value="C:\Program Files\Git\Sprint_3"/>
    <property name="java.vm.compressedOopsMode" value="Zero based"/>
    <property name="line.separator" value="&#10;"/>
    <property name="java.specification.name" value="Java Platform API Specification"/>
    <property name="java.vm.specification.vendor" value="Oracle Corporation"/>
    <property name="java.awt.graphicsenv" value="sun.awt.Win32GraphicsEnvironment"/>
    <property name="surefire.real.class.path" value="C:\Users\XXX\AppData\Local\Temp\surefire9576594897418446242\surefirebooter8396401553560308243.jar"/>
    <property name="user.script" value=""/>
    <property name="sun.management.compiler" value="HotSpot 64-Bit Tiered Compilers"/>
    <property name="java.runtime.version" value="11.0.14.1+10-LTS"/>
    <property name="user.name" value="XXX"/>
    <property name="path.separator" value=";"/>
    <property name="os.version" value="10.0"/>
    <property name="java.runtime.name" value="OpenJDK Runtime Environment"/>
    <property name="file.encoding" value="Cp1251"/>
    <property name="java.vm.name" value="OpenJDK 64-Bit Server VM"/>
    <property name="java.vendor.version" value="Corretto-11.0.14.10.1"/>
    <property name="localRepository" value="C:\Users\XXX\.m2\repository"/>
    <property name="java.vendor.url.bug" value="https://github.com/corretto/corretto-11/issues/"/>
    <property name="java.io.tmpdir" value="C:\Users\XXX\AppData\Local\Temp\"/>
    <property name="idea.version" value="2021.3.2"/>
    <property name="java.version" value="11.0.14.1"/>
    <property name="user.dir" value="C:\Program Files\Git\Sprint_3"/>
    <property name="os.arch" value="amd64"/>
    <property name="java.vm.specification.name" value="Java Virtual Machine Specification"/>
    <property name="java.awt.printerjob" value="sun.awt.windows.WPrinterJob"/>
    <property name="sun.os.patch.level" value=""/>
    <property name="java.library.path" value="C:\Program Files\Amazon Corretto\jdk11.0.14_10\bin;C:\Windows\Sun\Java\bin;C:\Windows\system32;C:\Windows;C:\Users\XXX\Downloads\allure-commandline-2.18.1\allure-2.18.1\bin;C:\Users\XXX\Downloads\apache-maven-3.8.5\bin;C:\Program Files\Amazon Corretto\jdk11.0.14_10\bin;C:\Program Files (x86)\Common Files\Oracle\Java\javapath;C:\Program Files\Python38\Scripts\;C:\Program Files\Python38\;C:\Windows\system32;C:\Windows;C:\Windows\System32\Wbem;C:\Windows\System32\WindowsPowerShell\v1.0\;C:\Windows\System32\OpenSSH\;C:\Program Files\Git\cmd;C:\Users\XXX\AppData\Local\Programs\Python\Python39\Scripts\;C:\Users\XXX\AppData\Local\Programs\Python\Python39\;C:\Users\XXX\Downloads\allure-commandline-2.18.1\allure-2.18.1\bin;C:\Users\XXX\AppData\Local\Microsoft\WindowsApps;;."/>
    <property name="java.vm.info" value="mixed mode"/>
    <property name="java.vendor" value="Amazon.com Inc."/>
    <property name="java.vm.version" value="11.0.14.1+10-LTS"/>
    <property name="sun.io.unicode.encoding" value="UnicodeLittle"/>
    <property name="java.class.version" value="55.0"/>
  </properties>
  <testcase name="checkCourierCreationAndLogin" classname="ru.yandex.scooter.api.CourierTest" time="4.799"/>
  <testcase name="failToLoginCourierWithNonExistingData" classname="ru.yandex.scooter.api.CourierTest" time="0.363"/>
  <testcase name="failToCreateCourierWithoutPassword" classname="ru.yandex.scooter.api.CourierTest" time="0.293"/>
  <testcase name="failToLoginCourierWithoutLogin" classname="ru.yandex.scooter.api.CourierTest" time="0.547"/>
  <testcase name="failToCreateCourierWithoutFirstName" classname="ru.yandex.scooter.api.CourierTest" time="0.282">
    <failure message="1 expectation failed.&#10;Expected status code &lt;400&gt; but was &lt;201&gt;.&#10;" type="java.lang.AssertionError"><![CDATA[java.lang.AssertionError: 
1 expectation failed.
Expected status code <400> but was <201>.

	at ru.yandex.scooter.api.CourierTest.failToCreateCourierWithoutFirstName(CourierTest.java:108)
]]></failure>
    <system-out><![CDATA[Request method:	POST
Request URI:	https://qa-scooter.praktikum-services.ru/api/v1/courier
Proxy:			<none>
Request params:	<none>
Query params:	<none>
Form params:	<none>
Path params:	<none>
Headers:		Accept=*/*
				Content-Type=application/json
Cookies:		<none>
Multiparts:		<none>
Body:
{
    "login": "TzMdU2su2m",
    "password": "q5CfXAEjeP"
}
HTTP/1.1 201 Created
Access-Control-Allow-Origin: *
Content-Length: 11
Content-Type: application/json; charset=utf-8
Date: Tue, 26 Jul 2022 18:58:42 GMT
ETag: W/"b-Ai2R8hgEarLmHKwesT1qcY913ys"
Set-Cookie: _yasc=DmY98wqEARD0ggWgiuXJVPgM1nrhT2xyAmX+AzW43m1lwg==; domain=.praktikum-services.ru; path=/; expires=Thu, 25-Aug-2022 18:58:42 GMT; secure
X-Powered-By: Express
X-Request-Id: 1658861922499018-6160775248217051740

{
    "ok": true
}
Request method:	DELETE
Request URI:	https://qa-scooter.praktikum-services.ru/api/v1/courier/0
Proxy:			<none>
Request params:	<none>
Query params:	<none>
Form params:	<none>
Path params:	<none>
Headers:		Accept=*/*
				Content-Type=application/json
Cookies:		<none>
Multiparts:		<none>
Body:			<none>
HTTP/1.1 404 Not Found
Access-Control-Allow-Origin: *
Content-Length: 64
Content-Type: application/json; charset=utf-8
Date: Tue, 26 Jul 2022 18:58:42 GMT
ETag: W/"40-tLkp/o3TzLGA5pEmOZ4MEpfo3Lo"
Set-Cookie: _yasc=AMAR2Z4yFMfkmd3BiAFsSgYshGxtU4FevJhz7ia81pWddg==; domain=.praktikum-services.ru; path=/; expires=Thu, 25-Aug-2022 18:58:42 GMT; secure
X-Powered-By: Express
X-Request-Id: 1658861922638275-14066265420929508191

{
    "code": 404,
    "message": "Курьера с таким id нет."
}
]]></system-out>
  </testcase>
  <testcase name="failToLoginCourierWithoutPassword" classname="ru.yandex.scooter.api.CourierTest" time="60.607">
    <failure message="1 expectation failed.&#10;Expected status code &lt;400&gt; but was &lt;504&gt;.&#10;" type="java.lang.AssertionError"><![CDATA[java.lang.AssertionError: 
1 expectation failed.
Expected status code <400> but was <504>.

	at ru.yandex.scooter.api.CourierTest.failToLoginCourierWithoutPassword(CourierTest.java:143)
]]></failure>
    <system-out><![CDATA[Request method:	POST
Request URI:	https://qa-scooter.praktikum-services.ru/api/v1/courier
Proxy:			<none>
Request params:	<none>
Query params:	<none>
Form params:	<none>
Path params:	<none>
Headers:		Accept=*/*
				Content-Type=application/json
Cookies:		<none>
Multiparts:		<none>
Body:
{
    "login": "ocrPcrphum",
    "password": "dbdkDu3yeO",
    "firstName": "oPLFAbbcue"
}
HTTP/1.1 201 Created
Access-Control-Allow-Origin: *
Content-Length: 11
Content-Type: application/json; charset=utf-8
Date: Tue, 26 Jul 2022 18:58:42 GMT
ETag: W/"b-Ai2R8hgEarLmHKwesT1qcY913ys"
Set-Cookie: _yasc=vs6zzFinudu00qLyrvTHyx8v/Sm5WATlG5PxzG5DA9wxpA==; domain=.praktikum-services.ru; path=/; expires=Thu, 25-Aug-2022 18:58:42 GMT; secure
X-Powered-By: Express
X-Request-Id: 1658861922793162-333148396020290595

{
    "ok": true
}
Request method:	POST
Request URI:	https://qa-scooter.praktikum-services.ru/api/v1/courier/login
Proxy:			<none>
Request params:	<none>
Query params:	<none>
Form params:	<none>
Path params:	<none>
Headers:		Accept=*/*
				Content-Type=application/json
Cookies:		<none>
Multiparts:		<none>
Body:
{
    "login": "ocrPcrphum",
    "password": "dbdkDu3yeO"
}
HTTP/1.1 200 OK
Access-Control-Allow-Origin: *
Content-Length: 12
Content-Type: application/json; charset=utf-8
Date: Tue, 26 Jul 2022 18:58:43 GMT
ETag: W/"c-s9FoN2bmlSXhlEX8ttacTGdFN4A"
Set-Cookie: _yasc=vKl+B/ZVRaOXM4gNLUD7crIeUHQnwtynWYVe6JUxYZUaDw==; domain=.praktikum-services.ru; path=/; expires=Thu, 25-Aug-2022 18:58:42 GMT; secure
X-Powered-By: Express
X-Request-Id: 1658861922959547-7178188500559202826

{
    "id": 97292
}
Request method:	POST
Request URI:	https://qa-scooter.praktikum-services.ru/api/v1/courier/login
Proxy:			<none>
Request params:	<none>
Query params:	<none>
Form params:	<none>
Path params:	<none>
Headers:		Accept=*/*
				Content-Type=application/json
Cookies:		<none>
Multiparts:		<none>
Body:
{
    "login": "ocrPcrphum"
}
HTTP/1.1 504 Gateway time out
Content-Length: 19
Set-Cookie: _yasc=8afx04HdkuAdkyXhEV9e4EhuNinf6OCenOdQEa1tbVij0A==; domain=.praktikum-services.ru; path=/; expires=Thu, 25-Aug-2022 18:58:43 GMT; secure
X-Request-Id: 1658861923131459-12847552628006780449

Service unavailable
Request method:	DELETE
Request URI:	https://qa-scooter.praktikum-services.ru/api/v1/courier/97292
Proxy:			<none>
Request params:	<none>
Query params:	<none>
Form params:	<none>
Path params:	<none>
Headers:		Accept=*/*
				Content-Type=application/json
Cookies:		<none>
Multiparts:		<none>
Body:			<none>
HTTP/1.1 200 OK
Access-Control-Allow-Origin: *
Content-Length: 11
Content-Type: application/json; charset=utf-8
Date: Tue, 26 Jul 2022 18:59:43 GMT
ETag: W/"b-Ai2R8hgEarLmHKwesT1qcY913ys"
Set-Cookie: _yasc=+mpF+9LdK2x8KNECcnWuOPug09VmHxI2fuK0pitO5V4Vtg==; domain=.praktikum-services.ru; path=/; expires=Thu, 25-Aug-2022 18:59:43 GMT; secure
X-Powered-By: Express
X-Request-Id: 1658861983244628-1504143843175910812

{
    "ok": true
}
]]></system-out>
  </testcase>
  <testcase name="failToCreateCourierWithoutLogin" classname="ru.yandex.scooter.api.CourierTest" time="0.279"/>
  <testcase name="failToCreateCourierWithExistingData" classname="ru.yandex.scooter.api.CourierTest" time="0.648"/>
</testsuite>